<?xml version="1.0" encoding="UTF-8" standalone="yes" ?>
<test-results name="C:\Users\SW\Desktop\unigui-admin\tests\Win32\Debug\UniAdminTests.exe" total="5" errors="0" failures="0" ignored="0" inconclusive="0" not-run="0" skipped="0" invalid="0" date="2026-02-24" time="0.026">
  <culture-info current-culture="en" current-uiculture="en" />
  <test-suite type="Assembly" name="UniAdminTests.exe" executed="true" result="Success" success="True" time="0.026" asserts="0">
    <results>
        <test-suite type="Namespace" name="UniPluginTest" executed="true" result="Success" success="True" time="0.026" asserts="0" >
          <results>
              <test-suite type="Fixture" name="TUniPluginTest" executed="True" result="Success" success="True" time="0.026" >
                <results>
                  <test-case name="TestPluginRegistration.TestPluginRegistration" executed="True" result="Success" success="True" time="0.000" asserts="0" />
                  <test-case name="TestPluginInitialization.TestPluginInitialization" executed="True" result="Success" success="True" time="0.000" asserts="0" />
                  <test-case name="TestPluginActivation.TestPluginActivation" executed="True" result="Success" success="True" time="0.000" asserts="0" />
                  <test-case name="TestDependencyValidation.TestDependencyValidation" executed="True" result="Success" success="True" time="0.000" asserts="0" />
                  <test-case name="TestCircularDependencyDetection.TestCircularDependencyDetection" executed="True" result="Success" success="True" time="0.025" asserts="0" />
                </results>
              </test-suite>
          </results>
        </test-suite>
    </results>
  </test-suite>
</test-results>
